<?xml version="1.0" encoding="UTF-8"?>
<!-- Generated by org.testng.reporters.JUnitReportReporter -->
<testsuite skipped="0" hostname="CCPT-DESKTOP13" name="com.org.Functional.Tests.AppLandingTests" tests="2" failures="0" timestamp="17 Jul 2017 05:42:27 GMT" time="48.466" errors="0">
  <testcase name="validateSuccessfulLogin" time="24.788" classname="com.org.Functional.Tests.AppLandingTests"/>
  <testcase name="CheckAppLandingPage" time="23.678" classname="com.org.Functional.Tests.AppLandingTests"/>
</testsuite> <!-- com.org.Functional.Tests.AppLandingTests -->
